2025-07-27 09:25:03,531 - __main__ - INFO - Name of Log File : db_ingest_script_20250727-092503
2025-07-27 09:25:06,358 - __main__ - INFO - Dataframe has been created
2025-07-27 09:25:07,924 - __main__ - INFO - DB Connection was Successful.
2025-07-27 09:25:08,151 - __main__ - INFO - cardekho_sales_dtl Table is already created.
2025-07-27 09:25:08,151 - __main__ - INFO - Number of Records to be processed is 20.
2025-07-27 09:25:08,151 - __main__ - INFO - Resetting Global counter value to zero.
2025-07-27 09:25:08,151 - __main__ - INFO - Current Value of Global Counter is 0
2025-07-27 09:25:08,152 - __main__ - INFO - Incrementing Global counter value by 5
2025-07-27 09:25:08,152 - __main__ - INFO - Commiting Config data changes.
2025-07-27 09:25:11,849 - __main__ - INFO - Records from index 0 to 5 were inserted into table.
2025-07-27 09:25:16,849 - __main__ - INFO - Current Value of Global Counter is 5
2025-07-27 09:25:16,850 - __main__ - INFO - Incrementing Global counter value by 5
2025-07-27 09:25:16,850 - __main__ - INFO - Commiting Config data changes.
2025-07-27 09:25:17,765 - __main__ - INFO - Records from index 5 to 10 were inserted into table.
2025-07-27 09:25:22,766 - __main__ - INFO - Current Value of Global Counter is 10
2025-07-27 09:25:22,766 - __main__ - INFO - Incrementing Global counter value by 5
2025-07-27 09:25:22,766 - __main__ - INFO - Commiting Config data changes.
2025-07-27 09:25:23,681 - __main__ - INFO - Records from index 10 to 15 were inserted into table.
2025-07-27 09:25:28,682 - __main__ - INFO - Current Value of Global Counter is 15
2025-07-27 09:25:28,682 - __main__ - INFO - Incrementing Global counter value by 5
2025-07-27 09:25:28,682 - __main__ - INFO - Commiting Config data changes.
2025-07-27 09:25:29,598 - __main__ - INFO - Records from index 15 to 20 were inserted into table.
2025-07-27 09:25:34,598 - __main__ - INFO - Resetting Global Counter value to Zero.
